<?xml version="1.0" encoding="UTF-8"?>
<beans xmlns="http://www.springframework.org/schema/beans"
       xmlns:xsi="http://www.w3.org/2001/XMLSchema-instance"
       xmlns:util="http://www.springframework.org/schema/util"
       xsi:schemaLocation="http://www.springframework.org/schema/beans
                    http://www.springframework.org/schema/beans/spring-beans-3.0.xsd
                    http://www.springframework.org/schema/util
                    http://www.springframework.org/schema/util/spring-util-2.5.xsd">

    <util:list id="baseNameList" value-type="java.lang.String">
        <value>classpath:/i18n/exception-messages</value>
        <value>classpath:/i18n/files</value>
    </util:list>


    <bean id="messageSource"
          class="org.springframework.context.support.ReloadableResourceBundleMessageSource"
          autowire="byName">

        <property name="basenames" ref="baseNameList"/>

        <property name="defaultEncoding">
            <value>UTF-8</value>
        </property>
    </bean>

    <bean id="personDao" class="org.sergio.dao.PersonDaoImpl">
        <constructor-arg name="messageSource" ref="messageSource"/>
    </bean>

<!--
    <bean id="questionDao" class="org.sergio.dao.CSVQuestionDao">
        <constructor-arg name="messageSource" ref="messageSource"/>
    </bean>
-->

</beans>